Loaded 945111 vectors, dim=1024
Loaded 945111 vectors, dim=1024
Loaded 945111 vectors, dim=1024
Loading embeddings...
Loaded 945111 vectors, dim=1024
Memory footprint: 3.87 GB
Creating IVF1024,Flat index...
Training index...
Loading embeddings...
Parquet columns: ['id', 'text', 'embedding']
Embedding column dtype: object
Sample row type: <class 'numpy.ndarray'>
Object dtype detected; converting row-by-row...
Loaded 945111 vectors, dim=1024
  dtype: float32
  shape: (945111, 1024)
  contiguous: True
  memory: 3.87 GB

Creating IVF1024,Flat index...
Training index...
Loading embeddings...
Parquet columns: ['id', 'text', 'embedding']
Embedding column dtype: object
Sample row type: <class 'numpy.ndarray'>
Object dtype detected; converting row-by-row...
Loaded 945111 vectors, dim=1024
  dtype: float32
  shape: (945111, 1024)
  contiguous: True
  memory: 3.87 GB

Creating IVF1024,Flat index...
Training index...
Loading embeddings...
Loading embeddings...
Loaded 945111 vectors, dim=1024
Creating IVF1024,Flat index (CPU)...
Training index...
Adding vectors...

Index stats:
  Train time: 111.75s
  Add time:   40.43s
  Total vectors: 945111
  nprobe: 32
Saving index...
Saved index to data/data/faiss_gpu.index
Saved metadata to data/data/metadata_gpu.parquet
Index file size: 3882.9 MB

Done. CPU index ready - works in benchmark, Flask, and Spark scripts.
